<?xml version="1.0" encoding="UTF-8"?>
<!-- Generated by org.testng.reporters.JUnitReportReporter -->
<testsuite hostname="DESKTOP-BCJC4A0" failures="0" tests="1" name="TestScript.Login" time="6.292" errors="0" timestamp="2025-03-14T11:35:01 IST" skipped="0">
  <testcase classname="TestScript.Login" name="userLogin" time="6.292"/>
</testsuite> <!-- TestScript.Login -->
