<?xml version="1.0" encoding="UTF-8"?>
<!-- Generated by org.testng.reporters.JUnitReportReporter -->
<testsuite hostname="DESKTOP-BCJC4A0" failures="0" tests="1" name="TestScript.LoginTest" time="8.536" errors="0" timestamp="2025-03-21T10:51:41 IST" skipped="0">
  <testcase classname="TestScript.LoginTest" name="verifyTheUserIsAbleToLoginUsingInCorrectUsernameAndCorrectPassword" time="8.536"/>
</testsuite> <!-- TestScript.LoginTest -->
