<?xml version="1.0" encoding="UTF-8"?>
<!-- Generated by org.testng.reporters.JUnitReportReporter -->
<testsuite hostname="DESKTOP-BCJC4A0" failures="0" tests="1" name="TestScript.LoginTest" time="9.320" errors="0" timestamp="2025-03-21T11:25:40 IST" skipped="0">
  <testcase classname="TestScript.LoginTest" name="verifyTheUserIsAbleToLoginUsingInCorrectUsernameAndCorrectPassword" time="9.320"/>
</testsuite> <!-- TestScript.LoginTest -->
