<?xml version="1.0" encoding="UTF-8"?>
<!-- Generated by org.testng.reporters.JUnitReportReporter -->
<testsuite hostname="DESKTOP-BCJC4A0" failures="0" tests="1" name="TestScript.AdminTest" time="9.853" errors="0" timestamp="2025-03-21T11:25:40 IST" skipped="0">
  <testcase classname="TestScript.AdminTest" name="adminuserinfo" time="9.853"/>
</testsuite> <!-- TestScript.AdminTest -->
